Watching for file changes with StatReloader
Watching for file changes with StatReloader
Watching for file changes with StatReloader
Watching for file changes with StatReloader
Watching for file changes with StatReloader
"GET / HTTP/1.1" 200 148
"GET /about/ HTTP/1.1" 200 95
"GET / HTTP/1.1" 200 148
Not Found: /favicon.ico
"GET /favicon.ico HTTP/1.1" 404 2442
"GET /admin/ HTTP/1.1" 302 0
"GET /admin/login/?next=/admin/ HTTP/1.1" 200 4158
"GET /static/admin/js/theme.js HTTP/1.1" 200 1943
"GET /static/admin/css/login.css HTTP/1.1" 200 958
"GET /static/admin/css/dark_mode.css HTTP/1.1" 200 2682
"GET /static/admin/js/nav_sidebar.js HTTP/1.1" 200 3063
"GET /static/admin/css/nav_sidebar.css HTTP/1.1" 200 2810
"GET /static/admin/css/responsive.css HTTP/1.1" 200 17905
"GET /static/admin/css/base.css HTTP/1.1" 200 21544
"GET /about/ HTTP/1.1" 200 95
